<?xml version="1.0" encoding="UTF-8"?>
<!-- Generated by org.testng.reporters.JUnitXMLReporter -->
<testsuite hostname="DESKTOP-FAAJO8O" ignored="0" name="CurrentAccount" tests="4" failures="0" timestamp="2022-07-28T00:16:01 IST" time="0.101" errors="0">
  <testcase name="test1" time="0.015" classname="TestNg.TestNG.CurrentAccountTestClass1"/>
  <testcase name="test2" time="0.002" classname="TestNg.TestNG.CurrentAccountTestClass1"/>
  <testcase name="test1" time="0.002" classname="TestNg.TestNG.CurrentAccountTestClass2"/>
  <testcase name="test2" time="0.003" classname="TestNg.TestNG.CurrentAccountTestClass2"/>
</testsuite> <!-- CurrentAccount -->
