<?xml version="1.0" encoding="UTF-8"?>
<!-- Generated by org.testng.reporters.JUnitXMLReporter -->
<testsuite hostname="DESKTOP-FAAJO8O" ignored="4" name="Test" tests="2" failures="0" timestamp="2022-07-28T01:10:38 IST" time="0.064" errors="0">
  <testcase name="APILoginAutoMobileLoan" time="0.01" classname="TestNg.TestNG.LoanDepartment"/>
  <testcase name="APILoginPersonalLoan" time="0.001" classname="TestNg.TestNG.LoanDepartment"/>
  <testcase name="MobileLoginAutoMobileLoan" time="0.0" classname="TestNg.TestNG.LoanDepartment">
    <ignored/>
  </testcase> <!-- MobileLoginAutoMobileLoan -->
  <testcase name="MobileLoginPersonalLoan" time="0.0" classname="TestNg.TestNG.LoanDepartment">
    <ignored/>
  </testcase> <!-- MobileLoginPersonalLoan -->
  <testcase name="WebLoginAutoMobileLoan" time="0.0" classname="TestNg.TestNG.LoanDepartment">
    <ignored/>
  </testcase> <!-- WebLoginAutoMobileLoan -->
  <testcase name="WebloginPersonalLoan" time="0.0" classname="TestNg.TestNG.LoanDepartment">
    <ignored/>
  </testcase> <!-- WebloginPersonalLoan -->
</testsuite> <!-- Test -->
