<?xml version="1.0" encoding="UTF-8"?>
<!-- Generated by org.testng.reporters.JUnitXMLReporter -->
<testsuite hostname="DESKTOP-FAAJO8O" ignored="0" name="AutomobileTest" tests="1" failures="1" timestamp="2022-07-28T17:07:19 IST" time="0.01" errors="0">
  <testcase name="testcase1" time="0.0" classname="TestNg.TestNG.AutomobileParameters">
    <failure type="org.testng.TestNGException" message="
Parameter &amp;apos;AutoMobileCompany&amp;apos; is required by @Test on method testcase1 but has not been marked @Optional or defined
in E:\WORKSPACE\TestNG\testng.xml">
      <![CDATA[org.testng.TestNGException: 
Parameter 'AutoMobileCompany' is required by @Test on method testcase1 but has not been marked @Optional or defined
in E:\WORKSPACE\TestNG\testng.xml
at java.util.ArrayList.forEach(ArrayList.java:1257)
... Removed 26 stack frames]]>
    </failure>
  </testcase> <!-- testcase1 -->
</testsuite> <!-- AutomobileTest -->
