<?xml version="1.0" encoding="UTF-8"?>
<!-- Generated by org.testng.reporters.JUnitXMLReporter -->
<testsuite hostname="DESKTOP-FAAJO8O" ignored="0" name="keyword2" tests="1" failures="1" timestamp="2022-07-29T17:21:31 IST" time="0.066" errors="0">
  <testcase name="testCaseDemo" time="0.0" classname="TestNg.TestNG.DataProvider_Demo2">
    <failure type="org.testng.TestNGException" message="
Method public void TestNg.TestNG.DataProvider_Demo2.testCaseDemo(java.lang.String,java.lang.String) requires a @DataProvider named : SearchDataSet">
      <![CDATA[org.testng.TestNGException: 
Method public void TestNg.TestNG.DataProvider_Demo2.testCaseDemo(java.lang.String,java.lang.String) requires a @DataProvider named : SearchDataSet
at java.util.ArrayList.forEach(ArrayList.java:1257)
... Removed 24 stack frames]]>
    </failure>
  </testcase> <!-- testCaseDemo -->
</testsuite> <!-- keyword2 -->
