<?xml version="1.0" encoding="UTF-8"?>
<!-- Generated by org.testng.reporters.JUnitXMLReporter -->
<testsuite hostname="DESKTOP-FAAJO8O" ignored="0" name="SoftweaTest" tests="1" failures="1" timestamp="2022-07-28T17:07:19 IST" time="0.087" errors="0">
  <testcase name="testcase1" time="0.0" classname="TestNg.TestNG.SoftwearParameter">
    <failure type="org.testng.TestNGException" message="
Cannot inject @Test annotated Method [testcase1] with [class java.lang.String].
For more information on native dependency injection please refer to https://testng.org/doc/documentation-main.html#native-dependency-injection">
      <![CDATA[org.testng.TestNGException: 
Cannot inject @Test annotated Method [testcase1] with [class java.lang.String].
For more information on native dependency injection please refer to https://testng.org/doc/documentation-main.html#native-dependency-injection
at java.util.ArrayList.forEach(ArrayList.java:1257)
... Removed 26 stack frames]]>
    </failure>
  </testcase> <!-- testcase1 -->
</testsuite> <!-- SoftweaTest -->
