<?xml version="1.0" encoding="UTF-8"?>
<!-- Generated by org.testng.reporters.JUnitXMLReporter -->
<testsuite hostname="DESKTOP-FAAJO8O" ignored="0" name="Test" tests="5" failures="2" timestamp="2022-08-02T14:19:59 IST" time="0.683" errors="0">
  <testcase name="test1" time="0.016" classname="ExtendReportDemo2.TestCaseExample"/>
  <testcase name="test2" time="0.004" classname="ExtendReportDemo2.TestCaseExample">
    <failure type="java.lang.AssertionError" message="expected [true] but found [false]">
      <![CDATA[java.lang.AssertionError: expected [true] but found [false]
at ExtendReportDemo2.TestCaseExample.test2(TestCaseExample.java:20)
at java.util.ArrayList.forEach(ArrayList.java:1257)
... Removed 31 stack frames]]>
    </failure>
  </testcase> <!-- test2 -->
  <testcase name="test3" time="0.009" classname="ExtendReportDemo2.TestCaseExample">
    <failure type="java.lang.AssertionError" message="expected [true] but found [false]">
      <![CDATA[java.lang.AssertionError: expected [true] but found [false]
at ExtendReportDemo2.TestCaseExample.test3(TestCaseExample.java:27)
at java.util.ArrayList.forEach(ArrayList.java:1257)
... Removed 31 stack frames]]>
    </failure>
  </testcase> <!-- test3 -->
  <testcase name="test4" time="0.002" classname="ExtendReportDemo2.TestCaseExample"/>
  <testcase name="test5" time="0.002" classname="ExtendReportDemo2.TestCaseExample">
    <skipped/>
  </testcase> <!-- test5 -->
</testsuite> <!-- Test -->
